# JRE version: OpenJDK Runtime Environment (8.0_76-b03) (build 1.8.0_76-release-b03)
# Java VM: OpenJDK 64-Bit Server VM (25.76-b03 mixed mode windows-amd64 compressed oops)
Heap:
 PSYoungGen      total 172544K, used 66081K [0x00000000e0000000, 0x00000000ec300000, 0x0000000100000000)
  eden space 155648K, 31% used [0x00000000e0000000,0x00000000e300e5c8,0x00000000e9800000)
  from space 16896K, 99% used [0x00000000eaa00000,0x00000000eba79ed8,0x00000000eba80000)
  to   space 18432K, 0% used [0x00000000e9800000,0x00000000e9800000,0x00000000eaa00000)
 ParOldGen       total 165376K, used 106771K [0x00000000a0000000, 0x00000000aa180000, 0x00000000e0000000)
  object space 165376K, 64% used [0x00000000a0000000,0x00000000a6844d48,0x00000000aa180000)
 Metaspace       used 64183K, capacity 66184K, committed 66560K, reserved 1107968K
  class space    used 8214K, capacity 8635K, committed 8704K, reserved 1048576K
GC Heap History (10 events):
Event: 40.785 GC heap before
{Heap before GC invocations=20 (full 3):
 PSYoungGen      total 172544K, used 172524K [0x00000000e0000000, 0x00000000ec300000, 0x0000000100000000)
  eden space 155648K, 100% used [0x00000000e0000000,0x00000000e9800000,0x00000000e9800000)
  from space 16896K, 99% used [0x00000000eaa00000,0x00000000eba7b0e0,0x00000000eba80000)
  to   space 18432K, 0% used [0x00000000e9800000,0x00000000e9800000,0x00000000eaa00000)
 ParOldGen       total 102912K, used 74923K [0x00000000a0000000, 0x00000000a6480000, 0x00000000e0000000)
  object space 102912K, 72% used [0x00000000a0000000,0x00000000a492aef8,0x00000000a6480000)
 Metaspace       used 64176K, capacity 66316K, committed 66560K, reserved 1107968K
  class space    used 8231K, capacity 8663K, committed 8704K, reserved 1048576K
Event: 40.839 GC heap after
Heap after GC invocations=20 (full 3):
 PSYoungGen      total 174080K, used 17608K [0x00000000e0000000, 0x00000000ec300000, 0x0000000100000000)
  eden space 155648K, 0% used [0x00000000e0000000,0x00000000e0000000,0x00000000e9800000)
  from space 18432K, 95% used [0x00000000e9800000,0x00000000ea932040,0x00000000eaa00000)
  to   space 16896K, 0% used [0x00000000eaa00000,0x00000000eaa00000,0x00000000eba80000)
 ParOldGen       total 102912K, used 84737K [0x00000000a0000000, 0x00000000a6480000, 0x00000000e0000000)
  object space 102912K, 82% used [0x00000000a0000000,0x00000000a52c0590,0x00000000a6480000)
 Metaspace       used 64176K, capacity 66316K, committed 66560K, reserved 1107968K
  class space    used 8231K, capacity 8663K, committed 8704K, reserved 1048576K
}
Event: 40.839 GC heap before
{Heap before GC invocations=21 (full 4):
 PSYoungGen      total 174080K, used 17608K [0x00000000e0000000, 0x00000000ec300000, 0x0000000100000000)
  eden space 155648K, 0% used [0x00000000e0000000,0x00000000e0000000,0x00000000e9800000)
  from space 18432K, 95% used [0x00000000e9800000,0x00000000ea932040,0x00000000eaa00000)
  to   space 16896K, 0% used [0x00000000eaa00000,0x00000000eaa00000,0x00000000eba80000)
 ParOldGen       total 102912K, used 84737K [0x00000000a0000000, 0x00000000a6480000, 0x00000000e0000000)
  object space 102912K, 82% used [0x00000000a0000000,0x00000000a52c0590,0x00000000a6480000)
 Metaspace       used 64176K, capacity 66316K, committed 66560K, reserved 1107968K
  class space    used 8231K, capacity 8663K, committed 8704K, reserved 1048576K
Event: 41.052 GC heap after
Heap after GC invocations=21 (full 4):
 PSYoungGen      total 174080K, used 0K [0x00000000e0000000, 0x00000000ec300000, 0x0000000100000000)
  eden space 155648K, 0% used [0x00000000e0000000,0x00000000e0000000,0x00000000e9800000)
  from space 18432K, 0% used [0x00000000e9800000,0x00000000e9800000,0x00000000eaa00000)
  to   space 16896K, 0% used [0x00000000eaa00000,0x00000000eaa00000,0x00000000eba80000)
 ParOldGen       total 165376K, used 44272K [0x00000000a0000000, 0x00000000aa180000, 0x00000000e0000000)
  object space 165376K, 26% used [0x00000000a0000000,0x00000000a2b3c368,0x00000000aa180000)
 Metaspace       used 64080K, capacity 66120K, committed 66560K, reserved 1107968K
  class space    used 8213K, capacity 8635K, committed 8704K, reserved 1048576K
}
Event: 41.790 GC heap before
{Heap before GC invocations=22 (full 4):
 PSYoungGen      total 174080K, used 155648K [0x00000000e0000000, 0x00000000ec300000, 0x0000000100000000)
  eden space 155648K, 100% used [0x00000000e0000000,0x00000000e9800000,0x00000000e9800000)
  from space 18432K, 0% used [0x00000000e9800000,0x00000000e9800000,0x00000000eaa00000)
  to   space 16896K, 0% used [0x00000000eaa00000,0x00000000eaa00000,0x00000000eba80000)
 ParOldGen       total 165376K, used 44272K [0x00000000a0000000, 0x00000000aa180000, 0x00000000e0000000)
  object space 165376K, 26% used [0x00000000a0000000,0x00000000a2b3c368,0x00000000aa180000)
 Metaspace       used 64118K, capacity 66120K, committed 66560K, reserved 1107968K
  class space    used 8213K, capacity 8635K, committed 8704K, reserved 1048576K
Event: 41.834 GC heap after
Heap after GC invocations=22 (full 4):
 PSYoungGen      total 172544K, used 16867K [0x00000000e0000000, 0x00000000ec300000, 0x0000000100000000)
  eden space 155648K, 0% used [0x00000000e0000000,0x00000000e0000000,0x00000000e9800000)
  from space 16896K, 99% used [0x00000000eaa00000,0x00000000eba78e48,0x00000000eba80000)
  to   space 18432K, 0% used [0x00000000e9800000,0x00000000e9800000,0x00000000eaa00000)
 ParOldGen       total 165376K, used 46923K [0x00000000a0000000, 0x00000000aa180000, 0x00000000e0000000)
  object space 165376K, 28% used [0x00000000a0000000,0x00000000a2dd2ef8,0x00000000aa180000)
 Metaspace       used 64118K, capacity 66120K, committed 66560K, reserved 1107968K
  class space    used 8213K, capacity 8635K, committed 8704K, reserved 1048576K
}
Event: 42.546 GC heap before
{Heap before GC invocations=23 (full 4):
 PSYoungGen      total 172544K, used 172515K [0x00000000e0000000, 0x00000000ec300000, 0x0000000100000000)
  eden space 155648K, 100% used [0x00000000e0000000,0x00000000e9800000,0x00000000e9800000)
  from space 16896K, 99% used [0x00000000eaa00000,0x00000000eba78e48,0x00000000eba80000)
  to   space 18432K, 0% used [0x00000000e9800000,0x00000000e9800000,0x00000000eaa00000)
 ParOldGen       total 165376K, used 46923K [0x00000000a0000000, 0x00000000aa180000, 0x00000000e0000000)
  object space 165376K, 28% used [0x00000000a0000000,0x00000000a2dd2ef8,0x00000000aa180000)
 Metaspace       used 64173K, capacity 66184K, committed 66560K, reserved 1107968K
  class space    used 8214K, capacity 8635K, committed 8704K, reserved 1048576K
Event: 42.608 GC heap after
Heap after GC invocations=23 (full 4):
 PSYoungGen      total 174080K, used 18431K [0x00000000e0000000, 0x00000000ec300000, 0x0000000100000000)
  eden space 155648K, 0% used [0x00000000e0000000,0x00000000e0000000,0x00000000e9800000)
  from space 18432K, 99% used [0x00000000e9800000,0x00000000ea9ffc50,0x00000000eaa00000)
  to   space 16896K, 0% used [0x00000000eaa00000,0x00000000eaa00000,0x00000000eba80000)
 ParOldGen       total 165376K, used 68138K [0x00000000a0000000, 0x00000000aa180000, 0x00000000e0000000)
  object space 165376K, 41% used [0x00000000a0000000,0x00000000a428ab78,0x00000000aa180000)
 Metaspace       used 64173K, capacity 66184K, committed 66560K, reserved 1107968K
  class space    used 8214K, capacity 8635K, committed 8704K, reserved 1048576K
}
Event: 43.255 GC heap before
{Heap before GC invocations=24 (full 4):
 PSYoungGen      total 174080K, used 174079K [0x00000000e0000000, 0x00000000ec300000, 0x0000000100000000)
  eden space 155648K, 100% used [0x00000000e0000000,0x00000000e9800000,0x00000000e9800000)
  from space 18432K, 99% used [0x00000000e9800000,0x00000000ea9ffc50,0x00000000eaa00000)
  to   space 16896K, 0% used [0x00000000eaa00000,0x00000000eaa00000,0x00000000eba80000)
 ParOldGen       total 165376K, used 68138K [0x00000000a0000000, 0x00000000aa180000, 0x00000000e0000000)
  object space 165376K, 41% used [0x00000000a0000000,0x00000000a428ab78,0x00000000aa180000)
 Metaspace       used 64181K, capacity 66184K, committed 66560K, reserved 1107968K
  class space    used 8214K, capacity 8635K, committed 8704K, reserved 1048576K
Event: 43.320 GC heap after
Heap after GC invocations=24 (full 4):
 PSYoungGen      total 172544K, used 16871K [0x00000000e0000000, 0x00000000ec300000, 0x0000000100000000)
  eden space 155648K, 0% used [0x00000000e0000000,0x00000000e0000000,0x00000000e9800000)
  from space 16896K, 99% used [0x00000000eaa00000,0x00000000eba79ed8,0x00000000eba80000)
  to   space 18432K, 0% used [0x00000000e9800000,0x00000000e9800000,0x00000000eaa00000)
 ParOldGen       total 165376K, used 106771K [0x00000000a0000000, 0x00000000aa180000, 0x00000000e0000000)
  object space 165376K, 64% used [0x00000000a0000000,0x00000000a6844d48,0x00000000aa180000)
 Metaspace       used 64181K, capacity 66184K, committed 66560K, reserved 1107968K
  class space    used 8214K, capacity 8635K, committed 8704K, reserved 1048576K
}

