# JRE version: OpenJDK Runtime Environment (8.0_76-b03) (build 1.8.0_76-release-b03)
# Java VM: OpenJDK 64-Bit Server VM (25.76-b03 mixed mode windows-amd64 compressed oops)
Heap:
 PSYoungGen      total 330752K, used 268843K [0x00000000e0000000, 0x00000000f6280000, 0x0000000100000000)
  eden space 301568K, 85% used [0x00000000e0000000,0x00000000efc52db8,0x00000000f2680000)
  from space 29184K, 35% used [0x00000000f4600000,0x00000000f5037f28,0x00000000f6280000)
  to   space 30720K, 0% used [0x00000000f2680000,0x00000000f2680000,0x00000000f4480000)
 ParOldGen       total 146944K, used 60022K [0x00000000a0000000, 0x00000000a8f80000, 0x00000000e0000000)
  object space 146944K, 40% used [0x00000000a0000000,0x00000000a3a9d968,0x00000000a8f80000)
 Metaspace       used 69621K, capacity 72356K, committed 72576K, reserved 1112064K
  class space    used 9011K, capacity 9572K, committed 9600K, reserved 1048576K
GC Heap History (10 events):
Event: 652.675 GC heap before
{Heap before GC invocations=21 (full 3):
 PSYoungGen      total 183808K, used 163392K [0x00000000e0000000, 0x00000000efc00000, 0x0000000100000000)
  eden space 151040K, 99% used [0x00000000e0000000,0x00000000e927abb0,0x00000000e9380000)
  from space 32768K, 40% used [0x00000000e9380000,0x00000000ea095638,0x00000000eb380000)
  to   space 31232K, 0% used [0x00000000edd80000,0x00000000edd80000,0x00000000efc00000)
 ParOldGen       total 146944K, used 47359K [0x00000000a0000000, 0x00000000a8f80000, 0x00000000e0000000)
  object space 146944K, 32% used [0x00000000a0000000,0x00000000a2e3fc50,0x00000000a8f80000)
 Metaspace       used 67608K, capacity 69990K, committed 70144K, reserved 1110016K
  class space    used 8848K, capacity 9369K, committed 9472K, reserved 1048576K
Event: 652.691 GC heap after
Heap after GC invocations=21 (full 3):
 PSYoungGen      total 221696K, used 19192K [0x00000000e0000000, 0x00000000ef980000, 0x0000000100000000)
  eden space 193024K, 0% used [0x00000000e0000000,0x00000000e0000000,0x00000000ebc80000)
  from space 28672K, 66% used [0x00000000edd80000,0x00000000ef03e3c0,0x00000000ef980000)
  to   space 31232K, 0% used [0x00000000ebc80000,0x00000000ebc80000,0x00000000edb00000)
 ParOldGen       total 146944K, used 47367K [0x00000000a0000000, 0x00000000a8f80000, 0x00000000e0000000)
  object space 146944K, 32% used [0x00000000a0000000,0x00000000a2e41c50,0x00000000a8f80000)
 Metaspace       used 67608K, capacity 69990K, committed 70144K, reserved 1110016K
  class space    used 8848K, capacity 9369K, committed 9472K, reserved 1048576K
}
Event: 652.999 GC heap before
{Heap before GC invocations=22 (full 3):
 PSYoungGen      total 221696K, used 211673K [0x00000000e0000000, 0x00000000ef980000, 0x0000000100000000)
  eden space 193024K, 99% used [0x00000000e0000000,0x00000000ebbf8178,0x00000000ebc80000)
  from space 28672K, 66% used [0x00000000edd80000,0x00000000ef03e3c0,0x00000000ef980000)
  to   space 31232K, 0% used [0x00000000ebc80000,0x00000000ebc80000,0x00000000edb00000)
 ParOldGen       total 146944K, used 47367K [0x00000000a0000000, 0x00000000a8f80000, 0x00000000e0000000)
  object space 146944K, 32% used [0x00000000a0000000,0x00000000a2e41c50,0x00000000a8f80000)
 Metaspace       used 68321K, capacity 70718K, committed 71040K, reserved 1110016K
  class space    used 8950K, capacity 9501K, committed 9600K, reserved 1048576K
Event: 653.014 GC heap after
Heap after GC invocations=22 (full 3):
 PSYoungGen      total 224256K, used 18606K [0x00000000e0000000, 0x00000000f3000000, 0x0000000100000000)
  eden space 193024K, 0% used [0x00000000e0000000,0x00000000e0000000,0x00000000ebc80000)
  from space 31232K, 59% used [0x00000000ebc80000,0x00000000eceab9f8,0x00000000edb00000)
  to   space 31232K, 0% used [0x00000000f1180000,0x00000000f1180000,0x00000000f3000000)
 ParOldGen       total 146944K, used 47375K [0x00000000a0000000, 0x00000000a8f80000, 0x00000000e0000000)
  object space 146944K, 32% used [0x00000000a0000000,0x00000000a2e43c50,0x00000000a8f80000)
 Metaspace       used 68321K, capacity 70718K, committed 71040K, reserved 1110016K
  class space    used 8950K, capacity 9501K, committed 9600K, reserved 1048576K
}
Event: 753.127 GC heap before
{Heap before GC invocations=23 (full 3):
 PSYoungGen      total 224256K, used 211630K [0x00000000e0000000, 0x00000000f3000000, 0x0000000100000000)
  eden space 193024K, 100% used [0x00000000e0000000,0x00000000ebc80000,0x00000000ebc80000)
  from space 31232K, 59% used [0x00000000ebc80000,0x00000000eceab9f8,0x00000000edb00000)
  to   space 31232K, 0% used [0x00000000f1180000,0x00000000f1180000,0x00000000f3000000)
 ParOldGen       total 146944K, used 47375K [0x00000000a0000000, 0x00000000a8f80000, 0x00000000e0000000)
  object space 146944K, 32% used [0x00000000a0000000,0x00000000a2e43c50,0x00000000a8f80000)
 Metaspace       used 68452K, capacity 70886K, committed 71040K, reserved 1110016K
  class space    used 8970K, capacity 9511K, committed 9600K, reserved 1048576K
Event: 753.136 GC heap after
Heap after GC invocations=23 (full 3):
 PSYoungGen      total 271872K, used 1152K [0x00000000e0000000, 0x00000000f2c80000, 0x0000000100000000)
  eden space 244224K, 0% used [0x00000000e0000000,0x00000000e0000000,0x00000000eee80000)
  from space 27648K, 4% used [0x00000000f1180000,0x00000000f12a0018,0x00000000f2c80000)
  to   space 31744K, 0% used [0x00000000eee80000,0x00000000eee80000,0x00000000f0d80000)
 ParOldGen       total 146944K, used 53566K [0x00000000a0000000, 0x00000000a8f80000, 0x00000000e0000000)
  object space 146944K, 36% used [0x00000000a0000000,0x00000000a344fa50,0x00000000a8f80000)
 Metaspace       used 68452K, capacity 70886K, committed 71040K, reserved 1110016K
  class space    used 8970K, capacity 9511K, committed 9600K, reserved 1048576K
}
Event: 988.458 GC heap before
{Heap before GC invocations=24 (full 3):
 PSYoungGen      total 271872K, used 245376K [0x00000000e0000000, 0x00000000f2c80000, 0x0000000100000000)
  eden space 244224K, 100% used [0x00000000e0000000,0x00000000eee80000,0x00000000eee80000)
  from space 27648K, 4% used [0x00000000f1180000,0x00000000f12a0018,0x00000000f2c80000)
  to   space 31744K, 0% used [0x00000000eee80000,0x00000000eee80000,0x00000000f0d80000)
 ParOldGen       total 146944K, used 53566K [0x00000000a0000000, 0x00000000a8f80000, 0x00000000e0000000)
  object space 146944K, 36% used [0x00000000a0000000,0x00000000a344fa50,0x00000000a8f80000)
 Metaspace       used 69453K, capacity 72110K, committed 72320K, reserved 1112064K
  class space    used 9000K, capacity 9559K, committed 9600K, reserved 1048576K
Event: 988.474 GC heap after
Heap after GC invocations=24 (full 3):
 PSYoungGen      total 275968K, used 18108K [0x00000000e0000000, 0x00000000f6500000, 0x0000000100000000)
  eden space 244224K, 0% used [0x00000000e0000000,0x00000000e0000000,0x00000000eee80000)
  from space 31744K, 57% used [0x00000000eee80000,0x00000000f002f0c0,0x00000000f0d80000)
  to   space 31744K, 0% used [0x00000000f4600000,0x00000000f4600000,0x00000000f6500000)
 ParOldGen       total 146944K, used 54570K [0x00000000a0000000, 0x00000000a8f80000, 0x00000000e0000000)
  object space 146944K, 37% used [0x00000000a0000000,0x00000000a354aa78,0x00000000a8f80000)
 Metaspace       used 69453K, capacity 72110K, committed 72320K, reserved 1112064K
  class space    used 9000K, capacity 9559K, committed 9600K, reserved 1048576K
}
Event: 989.275 GC heap before
{Heap before GC invocations=25 (full 3):
 PSYoungGen      total 275968K, used 262220K [0x00000000e0000000, 0x00000000f6500000, 0x0000000100000000)
  eden space 244224K, 99% used [0x00000000e0000000,0x00000000eee63fa8,0x00000000eee80000)
  from space 31744K, 57% used [0x00000000eee80000,0x00000000f002f0c0,0x00000000f0d80000)
  to   space 31744K, 0% used [0x00000000f4600000,0x00000000f4600000,0x00000000f6500000)
 ParOldGen       total 146944K, used 54570K [0x00000000a0000000, 0x00000000a8f80000, 0x00000000e0000000)
  object space 146944K, 37% used [0x00000000a0000000,0x00000000a354aa78,0x00000000a8f80000)
 Metaspace       used 69551K, capacity 72268K, committed 72320K, reserved 1112064K
  class space    used 9003K, capacity 9564K, committed 9600K, reserved 1048576K
Event: 989.288 GC heap after
Heap after GC invocations=25 (full 3):
 PSYoungGen      total 330752K, used 10463K [0x00000000e0000000, 0x00000000f6280000, 0x0000000100000000)
  eden space 301568K, 0% used [0x00000000e0000000,0x00000000e0000000,0x00000000f2680000)
  from space 29184K, 35% used [0x00000000f4600000,0x00000000f5037f28,0x00000000f6280000)
  to   space 30720K, 0% used [0x00000000f2680000,0x00000000f2680000,0x00000000f4480000)
 ParOldGen       total 146944K, used 60022K [0x00000000a0000000, 0x00000000a8f80000, 0x00000000e0000000)
  object space 146944K, 40% used [0x00000000a0000000,0x00000000a3a9d968,0x00000000a8f80000)
 Metaspace       used 69551K, capacity 72268K, committed 72320K, reserved 1112064K
  class space    used 9003K, capacity 9564K, committed 9600K, reserved 1048576K
}

