# JRE version: OpenJDK Runtime Environment (8.0_76-b03) (build 1.8.0_76-release-b03)
# Java VM: OpenJDK 64-Bit Server VM (25.76-b03 mixed mode windows-amd64 compressed oops)
Heap:
 PSYoungGen      total 266752K, used 116994K [0x00000000e0000000, 0x00000000f2800000, 0x0000000100000000)
  eden space 256512K, 45% used [0x00000000e0000000,0x00000000e7220a58,0x00000000efa80000)
  from space 10240K, 1% used [0x00000000f1e00000,0x00000000f1e20000,0x00000000f2800000)
  to   space 17920K, 0% used [0x00000000f0500000,0x00000000f0500000,0x00000000f1680000)
 ParOldGen       total 126976K, used 61787K [0x00000000a0000000, 0x00000000a7c00000, 0x00000000e0000000)
  object space 126976K, 48% used [0x00000000a0000000,0x00000000a3c56ca0,0x00000000a7c00000)
 Metaspace       used 65967K, capacity 68898K, committed 68992K, reserved 1110016K
  class space    used 8688K, capacity 9339K, committed 9344K, reserved 1048576K
GC Heap History (10 events):
Event: 44.282 GC heap before
{Heap before GC invocations=15 (full 2):
 PSYoungGen      total 203776K, used 117252K [0x00000000e0000000, 0x00000000eeb00000, 0x0000000100000000)
  eden space 189952K, 54% used [0x00000000e0000000,0x00000000e6509208,0x00000000eb980000)
  from space 13824K, 99% used [0x00000000ecc80000,0x00000000ed9f8020,0x00000000eda00000)
  to   space 19456K, 0% used [0x00000000eb980000,0x00000000eb980000,0x00000000ecc80000)
 ParOldGen       total 73216K, used 31203K [0x00000000a0000000, 0x00000000a4780000, 0x00000000e0000000)
  object space 73216K, 42% used [0x00000000a0000000,0x00000000a1e78e68,0x00000000a4780000)
 Metaspace       used 56559K, capacity 58922K, committed 59028K, reserved 1099776K
  class space    used 7619K, capacity 8145K, committed 8192K, reserved 1048576K
Event: 44.324 GC heap after
Heap after GC invocations=15 (full 2):
 PSYoungGen      total 209408K, used 8417K [0x00000000e0000000, 0x00000000f3000000, 0x0000000100000000)
  eden space 189952K, 0% used [0x00000000e0000000,0x00000000e0000000,0x00000000eb980000)
  from space 19456K, 43% used [0x00000000eb980000,0x00000000ec1b8538,0x00000000ecc80000)
  to   space 18432K, 0% used [0x00000000f1e00000,0x00000000f1e00000,0x00000000f3000000)
 ParOldGen       total 73216K, used 44954K [0x00000000a0000000, 0x00000000a4780000, 0x00000000e0000000)
  object space 73216K, 61% used [0x00000000a0000000,0x00000000a2be69f0,0x00000000a4780000)
 Metaspace       used 56559K, capacity 58922K, committed 59028K, reserved 1099776K
  class space    used 7619K, capacity 8145K, committed 8192K, reserved 1048576K
}
Event: 44.324 GC heap before
{Heap before GC invocations=16 (full 3):
 PSYoungGen      total 209408K, used 8417K [0x00000000e0000000, 0x00000000f3000000, 0x0000000100000000)
  eden space 189952K, 0% used [0x00000000e0000000,0x00000000e0000000,0x00000000eb980000)
  from space 19456K, 43% used [0x00000000eb980000,0x00000000ec1b8538,0x00000000ecc80000)
  to   space 18432K, 0% used [0x00000000f1e00000,0x00000000f1e00000,0x00000000f3000000)
 ParOldGen       total 73216K, used 44954K [0x00000000a0000000, 0x00000000a4780000, 0x00000000e0000000)
  object space 73216K, 61% used [0x00000000a0000000,0x00000000a2be69f0,0x00000000a4780000)
 Metaspace       used 56559K, capacity 58922K, committed 59028K, reserved 1099776K
  class space    used 7619K, capacity 8145K, committed 8192K, reserved 1048576K
Event: 45.021 GC heap after
Heap after GC invocations=16 (full 3):
 PSYoungGen      total 209408K, used 0K [0x00000000e0000000, 0x00000000f3000000, 0x0000000100000000)
  eden space 189952K, 0% used [0x00000000e0000000,0x00000000e0000000,0x00000000eb980000)
  from space 19456K, 0% used [0x00000000eb980000,0x00000000eb980000,0x00000000ecc80000)
  to   space 18432K, 0% used [0x00000000f1e00000,0x00000000f1e00000,0x00000000f3000000)
 ParOldGen       total 126976K, used 49136K [0x00000000a0000000, 0x00000000a7c00000, 0x00000000e0000000)
  object space 126976K, 38% used [0x00000000a0000000,0x00000000a2ffc3c8,0x00000000a7c00000)
 Metaspace       used 56559K, capacity 58922K, committed 59028K, reserved 1099776K
  class space    used 7619K, capacity 8145K, committed 8192K, reserved 1048576K
}
Event: 311.945 GC heap before
{Heap before GC invocations=17 (full 3):
 PSYoungGen      total 209408K, used 189952K [0x00000000e0000000, 0x00000000f3000000, 0x0000000100000000)
  eden space 189952K, 100% used [0x00000000e0000000,0x00000000eb980000,0x00000000eb980000)
  from space 19456K, 0% used [0x00000000eb980000,0x00000000eb980000,0x00000000ecc80000)
  to   space 18432K, 0% used [0x00000000f1e00000,0x00000000f1e00000,0x00000000f3000000)
 ParOldGen       total 126976K, used 49136K [0x00000000a0000000, 0x00000000a7c00000, 0x00000000e0000000)
  object space 126976K, 38% used [0x00000000a0000000,0x00000000a2ffc3c8,0x00000000a7c00000)
 Metaspace       used 58660K, capacity 61220K, committed 61440K, reserved 1101824K
  class space    used 7831K, capacity 8376K, committed 8448K, reserved 1048576K
Event: 311.981 GC heap after
Heap after GC invocations=17 (full 3):
 PSYoungGen      total 266752K, used 10210K [0x00000000e0000000, 0x00000000f2800000, 0x0000000100000000)
  eden space 256512K, 0% used [0x00000000e0000000,0x00000000e0000000,0x00000000efa80000)
  from space 10240K, 99% used [0x00000000f1e00000,0x00000000f27f8bf8,0x00000000f2800000)
  to   space 17920K, 0% used [0x00000000f0500000,0x00000000f0500000,0x00000000f1680000)
 ParOldGen       total 126976K, used 49144K [0x00000000a0000000, 0x00000000a7c00000, 0x00000000e0000000)
  object space 126976K, 38% used [0x00000000a0000000,0x00000000a2ffe3c8,0x00000000a7c00000)
 Metaspace       used 58660K, capacity 61220K, committed 61440K, reserved 1101824K
  class space    used 7831K, capacity 8376K, committed 8448K, reserved 1048576K
}
Event: 325.318 GC heap before
{Heap before GC invocations=18 (full 3):
 PSYoungGen      total 266752K, used 266365K [0x00000000e0000000, 0x00000000f2800000, 0x0000000100000000)
  eden space 256512K, 99% used [0x00000000e0000000,0x00000000efa26b90,0x00000000efa80000)
  from space 10240K, 99% used [0x00000000f1e00000,0x00000000f27f8bf8,0x00000000f2800000)
  to   space 17920K, 0% used [0x00000000f0500000,0x00000000f0500000,0x00000000f1680000)
 ParOldGen       total 126976K, used 49144K [0x00000000a0000000, 0x00000000a7c00000, 0x00000000e0000000)
  object space 126976K, 38% used [0x00000000a0000000,0x00000000a2ffe3c8,0x00000000a7c00000)
 Metaspace       used 60410K, capacity 63144K, committed 63488K, reserved 1103872K
  class space    used 8052K, capacity 8608K, committed 8704K, reserved 1048576K
Event: 325.343 GC heap after
Heap after GC invocations=18 (full 3):
 PSYoungGen      total 274432K, used 6990K [0x00000000e0000000, 0x00000000f2800000, 0x0000000100000000)
  eden space 256512K, 0% used [0x00000000e0000000,0x00000000e0000000,0x00000000efa80000)
  from space 17920K, 39% used [0x00000000f0500000,0x00000000f0bd3a60,0x00000000f1680000)
  to   space 10240K, 0% used [0x00000000f1e00000,0x00000000f1e00000,0x00000000f2800000)
 ParOldGen       total 126976K, used 57151K [0x00000000a0000000, 0x00000000a7c00000, 0x00000000e0000000)
  object space 126976K, 45% used [0x00000000a0000000,0x00000000a37cfcb0,0x00000000a7c00000)
 Metaspace       used 60410K, capacity 63144K, committed 63488K, reserved 1103872K
  class space    used 8052K, capacity 8608K, committed 8704K, reserved 1048576K
}
Event: 325.416 GC heap before
{Heap before GC invocations=19 (full 3):
 PSYoungGen      total 274432K, used 262972K [0x00000000e0000000, 0x00000000f2800000, 0x0000000100000000)
  eden space 256512K, 99% used [0x00000000e0000000,0x00000000ef9fb8c8,0x00000000efa80000)
  from space 17920K, 39% used [0x00000000f0500000,0x00000000f0bd3a60,0x00000000f1680000)
  to   space 10240K, 0% used [0x00000000f1e00000,0x00000000f1e00000,0x00000000f2800000)
 ParOldGen       total 126976K, used 57151K [0x00000000a0000000, 0x00000000a7c00000, 0x00000000e0000000)
  object space 126976K, 45% used [0x00000000a0000000,0x00000000a37cfcb0,0x00000000a7c00000)
 Metaspace       used 60419K, capacity 63208K, committed 63488K, reserved 1103872K
  class space    used 8052K, capacity 8608K, committed 8704K, reserved 1048576K
Event: 325.426 GC heap after
Heap after GC invocations=19 (full 3):
 PSYoungGen      total 266752K, used 128K [0x00000000e0000000, 0x00000000f2800000, 0x0000000100000000)
  eden space 256512K, 0% used [0x00000000e0000000,0x00000000e0000000,0x00000000efa80000)
  from space 10240K, 1% used [0x00000000f1e00000,0x00000000f1e20000,0x00000000f2800000)
  to   space 17920K, 0% used [0x00000000f0500000,0x00000000f0500000,0x00000000f1680000)
 ParOldGen       total 126976K, used 61787K [0x00000000a0000000, 0x00000000a7c00000, 0x00000000e0000000)
  object space 126976K, 48% used [0x00000000a0000000,0x00000000a3c56ca0,0x00000000a7c00000)
 Metaspace       used 60419K, capacity 63208K, committed 63488K, reserved 1103872K
  class space    used 8052K, capacity 8608K, committed 8704K, reserved 1048576K
}

